
 ************************************************************
                      PROGRAM SPECTRO 
    SPECTROSCOPIC CONSTANTS AND VIBRATIONAL PROPERTIES

             WRITTEN BY:  JEFFREY F. GAW 
                    AND  ANDREW WILLETTS 


  RUNNING IN:  CARTESIAN --> NORMAL --> INTERNAL COORD MODE
 ************************************************************

 NCART    =    1
 ISOTOP   =    0
 NBOND    =    2
 NBEND    =    1
 2*NLBEND =    0
 NOFPB    =    0
 NTORS    =    0
 NDERIV   =    2
 ISYMM    =    0
 ICURVQ   =    0
 IDEGNL   =    0
 IFREQ    =    0
 IPRNT    =    0
 NWFRQ    =    0
 NPROP    =    0
 ICORIL   =    0
 IFERM1   =    0
 IFERM2   =    0
 IROTRN   =    0
 ILSQRS   =    0
 IAVERG   =    1
 IREP     =    0
 IPARMF   =    0
 IPARMD   =    0
 IGEOM    =    0
 ITEMP    =  300
 IDARL    =    0
 MAXJ     =    3
 INORM    =    0
 <>
 ISOTOPE #            1

          --- INPUT GEOMETRY IN BOHR


  GEOMETRY ANALYSIS - 1. INITIAL GEOMETRY
                      2. MOVE TO PRINCIPAL AXES
                      3. ROTATE ATOM TO X-AXIS
                         (SYMMETRIC TOP ONLY)


****************************************
 ORIGINAL COORDINATE REPRESENTATION 
****************************************


   MOLECULAR CARTESIAN GEOMETRY (IN A)

ATOM NO.               X              Y              Z              W
    1              0.0000000      0.7574256      0.5217872      1.0078250
    2              0.0000000      0.0000000     -0.0657379     15.9949146
    3              0.0000000     -0.7574256      0.5217872      1.0078250

   CENTER OF MASS COORDINATES

           CMX            CMY            CMZ
        0.0000000      0.0000000      0.0000149

   CARTESIAN COORDINATES W.R.T. CENTER OF MASS

ATOM NO.               X              Y              Z              W
    1              0.0000000      0.7574256      0.5217723      1.0078250
    2              0.0000000      0.0000000     -0.0657528     15.9949146
    3              0.0000000     -0.7574256      0.5217723      1.0078250

   INERTIA TENSOR

             1           2           3
  ------------------------------------------
   1     1.7742717
   2     0.0000000   0.6179063
   3     0.0000000   0.0000000   1.1563655

   EIGENVECTORS OF INERTIA TENSOR

              1           2           3
   ------------------------------------------
    1    0.00000000  0.00000000  1.00000000
    2   -1.00000000  0.00000000  0.00000000
    3    0.00000000  1.00000000  0.00000000

   PRINCIPAL MOMENTS OF INERTIA

              IN AMU.A+2        IN G.CM+2         IN CM-1           IN MHZ
                                (*D+39)
   1          0.61791D+00       0.10261D+00       0.27282D+02       0.81789D+06
   2          0.11564D+01       0.19202D+00       0.14578D+02       0.43704D+06
   3          0.17743D+01       0.29463D+00       0.95012D+01       0.28484D+06

**************************************************
 COORDINATE SYSTEM ABOUT PRINCIPAL AXES 
**************************************************


   MOLECULAR PRINCIPAL GEOMETRY (IN A)

ATOM NO.               A              B              C              W
    1             -0.7574256      0.5217723      0.0000000      1.0078250
    2              0.0000000     -0.0657528      0.0000000     15.9949146
    3              0.7574256      0.5217723      0.0000000      1.0078250

   CENTER OF MASS COORDINATES

           CMX            CMY            CMZ
        0.0000000      0.0000000      0.0000000

   INERTIA TENSOR

             1           2           3
  ------------------------------------------
   1     0.6179063
   2     0.0000000   1.1563655
   3     0.0000000   0.0000000   1.7742717

 INTERNUCLEAR DISTANCE MATRIX (IN A)

             1           2           3
  ------------------------------------------
   1     0.0000000
   2     0.9585819   0.0000000
   3     1.5148512   0.9585819   0.0000000

   BOND ANGLES (CENTRAL ATOM FIRST)

   J   I   K    DEGREES     I   J   K    DEGREES    K   I   J    DEGREES   

   2   1   3    104.399     1   2   3     37.800    3   1   2     37.800
 <>

          ------------------------------------------------------------
                             MEMORY ALLOCATION SCHEME 
          ------------------------------------------------------------

 INTEGER DEFAULT ALLOCATION
   ALLOCATION: BLOCK START-     1   FINISH-    34   TOTAL-    33

 REAL DEFAULT ALLOCATION
   ALLOCATION: BLOCK START-    34   FINISH-  4380   TOTAL-  4346

 CUBIC AND QUARTIC ALLOCATION
   ALLOCATION: BLOCK START-  4380   FINISH-  4380   TOTAL-     0

   ALLOCATION: BLOCK START-  4380   FINISH-  4380   TOTAL-     0

 VIBFX ALLOCATION
   ALLOCATION: BLOCK START-  4380   FINISH-  4614   TOTAL-   234

 LTENSR ALLOCATION
   ALLOCATION: BLOCK START-  4380   FINISH-  4549   TOTAL-   169

 SQHAMP ALLOCATION
   ALLOCATION: BLOCK START-  4380   FINISH-  4407   TOTAL-    27

 UMATRX ALLOCATION
   ALLOCATION: BLOCK START-  4380   FINISH-  4398   TOTAL-    18

 ZETA ALLOCATION
   ALLOCATION: BLOCK START-  4380   FINISH-  4473   TOTAL-    93

 TRNSFM ALLOCATION
   ALLOCATION: BLOCK START-  4614   FINISH-  4716   TOTAL-   102

 FORCE3/FORCE4 ALLOCATION
   ALLOCATION: BLOCK START-  4716   FINISH-  4716   TOTAL-     0

 XCALC/XCALS ALLOCATION
   ALLOCATION: BLOCK START-  4716   FINISH-  4716   TOTAL-     0

 ROTA/ROTS ALLOCATION
   ALLOCATION: BLOCK START-  4716   FINISH-  4716   TOTAL-     0

 INTEN ALLOCATION
   ALLOCATION: BLOCK START-  4716   FINISH-  4716   TOTAL-     0

 DIPTRN ALLOCATION
   ALLOCATION: BLOCK START-  4716   FINISH-  4850   TOTAL-   134

 ATUNIT ALLOCATION
   ALLOCATION: BLOCK START-  4850   FINISH-  7577   TOTAL-  2727

 ITERATE ALLOCATION
   ALLOCATION: BLOCK START-  7577   FINISH- 15308   TOTAL-  7731

 RAMANQ ALLOCATION
   ALLOCATION: BLOCK START- 15308   FINISH- 15308   TOTAL-     0

 INTENR ALLOCATION
   ALLOCATION: BLOCK START- 15308   FINISH- 15308   TOTAL-     0

 HRAMAN ALLOCATION
   ALLOCATION: BLOCK START- 15308   FINISH- 15308   TOTAL-     0

 LSQRS ALLOCATION
   ALLOCATION: BLOCK START- 15308   FINISH- 15449   TOTAL-   141

 TMATRX ALLOCATION
   ALLOCATION: BLOCK START- 15449   FINISH- 15449   TOTAL-     0

 SEXTIC ALLOCATION
   ALLOCATION: BLOCK START- 15449   FINISH- 15449   TOTAL-     0

 WCALS ALLOCATION
   ALLOCATION: BLOCK START- 15449   FINISH- 15449   TOTAL-     0


   INTEGER MEMORY REQUIRED -      34 Word   ALLOCATED - 3500000 Word


   REAL MEMORY REQUIRED    -   15416 Word   ALLOCATED -******** Word

  *** FILE           15  IS IN SPECTRO 1.x FORMAT ***


   THE NORMAL COORDINATE ANALYSIS BY FX MATRIX METHOD



   SECULAR EQUATIONS
   FXM MATRIX

             1           2           3           4           5           6           7           8           9
  ------------------------------------------------------------------------------------------------------------------
   1     5.7865645
   2    -3.6309327   3.3715914
   3     0.0000000   0.0000000   0.0000000
   4    -1.3315478   1.0328642   0.0000000   0.6684799
   5     0.7899811  -0.8914684   0.0000000   0.0000000   0.4475459
   6     0.0000000   0.0000000   0.0000000   0.0000000   0.0000000   0.0000000
   7    -0.4819339  -0.4837997   0.0000000  -1.3315478  -0.7899811   0.0000000   5.7865645
   8     0.4837997   0.1798474   0.0000000  -1.0328642  -0.8914684   0.0000000   3.6309327   3.3715914
   9     0.0000000   0.0000000   0.0000000   0.0000000   0.0000000   0.0000000   0.0000000   0.0000000   0.0000000


   *****************************
   ***VIBRATIONAL FREQUENCIES***
   *****************************


   LXM MATRIX

             1           2           3           4           5           6           7           8           9
           3943.98     3833.99     1651.33        0.02        0.00        0.00        0.00        0.00        0.00
  ------------------------------------------------------------------------------------------------------------------
   1    -0.5379598   0.5748320  -0.4117865   0.3932451  -0.0141596  -0.0111724   0.0000000   0.0000000   0.2358649
   2     0.4172883  -0.3880605  -0.5417117   0.5708512  -0.1966911  -0.1301778   0.0000000   0.0000000  -0.0179747
   3     0.0000000   0.0000000   0.0000000   0.0000000   0.0000000   0.0000000   1.0000000   0.0000000   0.0000000
   4     0.2700731   0.0000000   0.0000000  -0.1974225  -0.0564147  -0.0445083   0.0000000   0.0000000   0.9396389
   5     0.0000000   0.1948189   0.2719568   0.0000024  -0.7835868  -0.5186028   0.0000000   0.0000000  -0.0716099
   6     0.0000000   0.0000000   0.0000000   0.0000020  -0.5522969   0.8336235   0.0000000   0.0000000   0.0063278
   7    -0.5379598  -0.5748320   0.4117865   0.3932451  -0.0141596  -0.0111724   0.0000000   0.0000000   0.2358649
   8    -0.4172883  -0.3880605  -0.5417117  -0.5708500  -0.1966947  -0.1301775   0.0000000   0.0000000  -0.0179758
   9     0.0000000   0.0000000   0.0000000   0.0000000   0.0000000   0.0000000   0.0000000   1.0000000   0.0000000


   LX MATRIX

             1           2           3           4           5           6           7           8           9
           3943.98     3833.99     1651.33        0.02        0.00        0.00        0.00        0.00        0.00
  ------------------------------------------------------------------------------------------------------------------
   1    -0.5358673   0.5725961  -0.4101848   0.3917155  -0.0141045  -0.0111290   0.0000000   0.0000000   0.2349475
   2     0.4156652  -0.3865510  -0.5396047   0.5686308  -0.1959260  -0.1296715   0.0000000   0.0000000  -0.0179048
   3     0.0000000   0.0000000   0.0000000   0.0000000   0.0000000   0.0000000   0.9961103   0.0000000   0.0000000
   4     0.0675290   0.0000000   0.0000000  -0.0493635  -0.0141059  -0.0111288   0.0000000   0.0000000   0.2349471
   5     0.0000000   0.0487125   0.0680000   0.0000006  -0.1959278  -0.1296713   0.0000000   0.0000000  -0.0179053
   6     0.0000000   0.0000000   0.0000000   0.0000005  -0.1380962   0.2084390   0.0000000   0.0000000   0.0015822
   7    -0.5358673  -0.5725961   0.4101848   0.3917155  -0.0141045  -0.0111290   0.0000000   0.0000000   0.2349475
   8    -0.4156652  -0.3865510  -0.5396047  -0.5686296  -0.1959297  -0.1296711   0.0000000   0.0000000  -0.0179058
   9     0.0000000   0.0000000   0.0000000   0.0000000   0.0000000   0.0000000   0.0000000   0.9961103   0.0000000

 ******************************** 
 CURVILINEAR INTERNAL COORDINATES 
 ******************************** 

 INT COORD NO.    DESCRIPTION           VALUE      ATOMS 

     ( 1)        BOND                        0.95858       1(H )     2(O )
     ( 2)        BOND                        0.95858       2(O )     3(H )
     ( 3)        ANGLE                     104.39947       2(O )     1(H )     3(H )

 FIRST DERIVATIVE OF THE L TENSOR :
 ROWS ARE INT COORDS AND COLUMNS ARE NORMAL COORDS

              1           2           3
   ------------------------------------------
    1    0.73154053 -0.71921572 -0.04829897
    2   -0.73154053 -0.71921572 -0.04829897
    3    0.00000000 -0.01465886  1.52622695

******************************************
 MEAN SQUARE HARMONIC AMPLITUDES AT 30 K
******************************************


 MATRIX OF MEAN SQUARE AMPLITUDES BETWEEN INTERNAL
 COORDINATES: BONDS IN A, ANGLES IN RADS 

              1           2           3
   ------------------------------------------
    1    0.00458558  0.00001082 -0.00070617
    2    0.00001082  0.00458558 -0.00070617
    3   -0.00070617 -0.00070617  0.02378032

******************************************
 MEAN SQUARE HARMONIC AMPLITUDES AT 300 K
******************************************


 MATRIX OF MEAN SQUARE AMPLITUDES BETWEEN INTERNAL
 COORDINATES: BONDS IN A, ANGLES IN RADS 

              1           2           3
   ------------------------------------------
    1    0.00458560  0.00001083 -0.00070671
    2    0.00001083  0.00458560 -0.00070671
    3   -0.00070671 -0.00070671  0.02379762

 ZETA MATRIX FOR COORDINATE DIRECTION :   1

              1           2           3
   ------------------------------------------
    1    0.00000000  0.00000000  0.00000000
    2    0.00000000  0.00000000  0.00000000
    3    0.00000000  0.00000000  0.00000000

 ZETA MATRIX FOR COORDINATE DIRECTION :   2

              1           2           3
   ------------------------------------------
    1    0.00000000  0.00000000  0.00000000
    2    0.00000000  0.00000000  0.00000000
    3    0.00000000  0.00000000  0.00000000

 ZETA MATRIX FOR COORDINATE DIRECTION :   3

              1           2           3
   ------------------------------------------
    1    0.00000000 -0.00960420  0.99995388
    2    0.00960420  0.00000000  0.00000000
    3   -0.99995388  0.00000000  0.00000000

 THE WILSON A MATRIX IN AMU 1/2 A 
 (ROWS ARE VIB DEG OF FREEDOM, AND COLS COORD PRODUCTS),

              1           2           3           4           5           6
   ------------------------------------------------------------------------------
    1    0.00000000  1.26919628  0.00000000  0.00000000  0.00000000  0.00000000
    2   -0.91554233  0.00000000 -1.74837064  0.00000000  0.00000000 -2.66391297
    3   -1.27804827  0.00000000  1.25246234  0.00000000  0.00000000 -0.02558593

 THE INVERSE L MATRIX

              1           2           3
   ------------------------------------------
    1    0.68348913 -0.68348913  0.00000000
    2   -0.69475359 -0.69475359 -0.04397234
    3   -0.00667286 -0.00667286  0.65478821

 THE WILSON J MATRIX 
 DERIVATIVE OF THE MOMENT OF INERITA WITH RESPECT TO INT/SYMM COORDS
 (ROWS ARE INTERNAL/SYMMETRY COORD AND COLS COORD PRODUCTS),

              1           2           3           4           5           6
   ------------------------------------------------------------------------------
    1    0.64460456  0.86748186  1.20632928  0.00000000  0.00000000  1.85093384
    2    0.64460456 -0.86748186  1.20632928  0.00000000  0.00000000  1.85093384
    3   -0.79659240  0.00000000  0.89697753  0.00000000  0.00000000  0.10038513

 QUARTIC CENTRIFUGAL DISTORTION CONSTANTS TAU PRIME 

                       CM -1                    MHz


 TAUP aaaa         -0.0862542746         -2585.8381009871
 TAUP bbbb         -0.0083955539          -251.6923734558
 TAUP cccc         -0.0009341703           -28.0057214951

 TAUP aabb          0.0101736061           304.9970382811
 TAUP aacc         -0.0028370660           -85.0530991932
 TAUP bbcc         -0.0013891841           -41.6466924231

 REPRESENTATION =     1
 WHERE :   1 =   I r
           2 =  II r 
           3 = III r 
           4 =   I l 
           5 =  II l 
           6 = III l 

 lifnei

 ASYMMETRIC TOP REDUCTION 
  ASYMMETRIC TOP PARAMETER KAPPA :  -0.4289357118
  ASYMMETRIC TOP PARAMETER SIGMA :        6.0044653163


 CONSTANTS IN THE A REDUCED HAMILTONIAN 

                   CM-1               MHz
  DELTA J  :   0.0011662155       34.9622618689
  DELTA K  :   0.0253828387      760.9583606507
  DELTA JK :  -0.0049854856     -149.4610972728
  delta J  :   0.0004663365       13.9804157475
  delta K  :   0.0003659164       10.9698964297


 EFFECTIVE ROTATIONAL CONSTANTS (INCLUDES DISTORTION
 DUE TO THE QUARTIC CENTRIFUGAL DISTORTION CONSTANTS)
           B e IN CM-1            B(A) IN  CM-1            B(A) IN  MHz
 x        14.5781165739           14.5838526671             437212.90382
 y         9.5011547712            9.4970565170             284714.59170
 z        27.2818562010           27.2802183621             817840.37175


 NIELSEN CENTRIFUGAL DISTORTION CONSTANTS 
           CM-1                MHz
 DJ    0.0009614857       28.8246146781
 DJK  -0.0037571063     -112.6352141281
 DK    0.0243591893      730.2701246968
 dJ    0.0004663365       13.9804157475
 R5    0.0010463352       31.3683414659
 R6   -0.0001023649       -3.0688235954

 CONSTANTS IN THE S REDUCED HAMILTONIAN 

               CM-1                 MHz
  D J  :   0.0011357452       34.0487836612
  D JK :  -0.0048026634     -143.9802280271
  D K  :   0.0252304869      756.3909696126
  d 1  :  -0.0004663365      -13.9804157475
  d 2  :  -0.0000152352       -0.4567391038


 EFFECTIVE ROTATIONAL CONSTANTS (INCLUDES DISTORTION
 DUE TO THE QUARTIC CENTRIFUGAL DISTORTION CONSTANTS)
           B e IN CM-1            B(S) IN  CM-1            B(S) IN  MHz
 x        14.5781165739           14.5830598937             437189.13707
 y         9.5011547712            9.4977274090             284734.70454
 z        27.2818562010           27.2803707138             817844.93914


 WILSON CENTRIFUGAL DISTORTION CONSTANTS 
           CM-1                MHz
 DJ    0.0002335426        7.0014303738
 DJK   0.0002275069        6.8204854640
 DK    0.0016378390       49.1011775262

 NIELSEN CENTRIFUGAL DISTORTION CONSTANTS 
           CM-1                MHz
 DJ    0.0009614857       28.8246146781
 DJK  -0.0037571063     -112.6352141281
 DK    0.0243591893      730.2701246968
 dJ    0.0004663365       13.9804157475
 R5    0.0010463352       31.3683414659
 R6   -0.0001023649       -3.0688235954

 TEST OF QUARTIC PLANARITY RELATIONS 
  A REDUCTION   I r

 4C*DELJ - (B-C)*DELJK - 2*(2A+B+C)*SDELJ + 2*(B-C)*SDELK = 0
 VALUE =         0.0000000000

 TEST OF QUARTIC PLANARITY RELATIONS 
  S REDUCTION   I r

 4C*DJ - (B-C)*DJK + 2*(2A+B+C)*D1 - 4*(4A+B-3C)*D2 = 0
 VALUE =         0.0000000000

 *************************************************
 QUADRATIC FORCE CONSTANTS IN INTERNAL COORDINATES
 *************************************************

             1           2           3
  ------------------------------------------
   1     8.4619263
   2    -0.1009328   8.4619263
   3     0.2575674   0.2575674   0.7056006

 HARMONIC POTENTIAL ENERGY DISTRIBUTION 
 (ROWS ARE INT/SYMM COORD AND COLS NORMAL COORDS)

             1           2           3
           3943.98     3833.99     1651.33
  ------------------------------------------
   1     0.5000000   0.4996777   0.0003223
   2     0.5000000   0.4996777   0.0003223
   3     0.0000000   0.0006446   0.9993554

 ************************************************ 
        VIBRATIONALLY AVERAGED COORDINATES        
 ************************************************ 



 FOR THE GROUND STATE, R(ALPHA) EQUALS R(Z) 


 VIBRATIONAL STATE 
 1-DEGN :

 INT COORD TYPE     R(EQUIL)      R(G)          R(ALPHA)

 1)    BOND         0.9585819     0.9585819     0.9585819
 2)    BOND         0.9585819     0.9585819     0.9585819
 3)    ANGLE      104.3994718   104.3994718   104.3994718
